[0.016s] Invoking command in '/home/petomartin/homework/ros2_ws/build/homework_package': CMAKE_PREFIX_PATH=${CMAKE_PREFIX_PATH}:/home/petomartin/ros2_ws/install/my_robot_controller:/home/petomartin/ros2_ws/install/gazesim:/home/petomartin/install/my_robot_controller:/home/petomartin/install/ament_cmake_core:/opt/ros/humble /usr/bin/cmake --build /home/petomartin/homework/ros2_ws/build/homework_package -- -j8 -l8
[0.051s] [35m[1mConsolidate compiler generated dependencies of target division_node_B[0m
[0.062s] [ 50%] Built target division_node
[0.065s] [ 75%] [32mBuilding CXX object CMakeFiles/division_node_B.dir/src/division_node_B.cpp.o[0m
[4.232s] [01m[K/home/petomartin/homework/ros2_ws/src/homework_package/src/division_node_B.cpp:45:38:[m[K [01;31m[Kerror: [m[Kâ€˜[01m[KFloat64[m[Kâ€™ is not a member of â€˜[01m[Kstd_msgs::msg[m[Kâ€™
[4.232s]    45 |     rclcpp::Publisher<std_msgs::msg::[01;31m[KFloat64[m[K>::SharedPtr publisher_;
[4.232s]       |                                      [01;31m[K^~~~~~~[m[K
[4.232s] [01m[K/home/petomartin/homework/ros2_ws/src/homework_package/src/division_node_B.cpp:45:45:[m[K [01;31m[Kerror: [m[Ktemplate argument 1 is invalid
[4.232s]    45 |     rclcpp::Publisher<std_msgs::msg::Float64[01;31m[K>[m[K::SharedPtr publisher_;
[4.232s]       |                                             [01;31m[K^[m[K
[4.232s] [01m[K/home/petomartin/homework/ros2_ws/src/homework_package/src/division_node_B.cpp:45:48:[m[K [01;31m[Kerror: [m[Kexpected â€˜[01m[K;[m[Kâ€™ at end of member declaration
[4.233s]    45 |     rclcpp::Publisher<std_msgs::msg::Float64>::[01;31m[KSharedPtr[m[K publisher_;
[4.233s]       |                                                [01;31m[K^~~~~~~~~[m[K
[4.233s]       |                                                         [32m[K;[m[K
[4.233s] [01m[K/home/petomartin/homework/ros2_ws/src/homework_package/src/division_node_B.cpp:45:58:[m[K [01;31m[Kerror: [m[Kâ€˜[01m[Kpublisher_[m[Kâ€™ does not name a type; did you mean â€˜[01m[Krmw_publisher_t[m[Kâ€™?
[4.233s]    45 |     rclcpp::Publisher<std_msgs::msg::Float64>::SharedPtr [01;31m[Kpublisher_[m[K;
[4.233s]       |                                                          [01;31m[K^~~~~~~~~~[m[K
[4.233s]       |                                                          [32m[Krmw_publisher_t[m[K
[4.233s] [01m[K/home/petomartin/homework/ros2_ws/src/homework_package/src/division_node_B.cpp:[m[K In constructor â€˜[01m[KDivisionNode::DivisionNode()[m[Kâ€™:
[4.233s] [01m[K/home/petomartin/homework/ros2_ws/src/homework_package/src/division_node_B.cpp:14:9:[m[K [01;31m[Kerror: [m[Kâ€˜[01m[Kpublisher_[m[Kâ€™ was not declared in this scope; did you mean â€˜[01m[Krmw_publisher_t[m[Kâ€™?
[4.233s]    14 |         [01;31m[Kpublisher_[m[K = this->create_publisher<std_msgs::msg::Float64>("/division_resultB", 10);
[4.233s]       |         [01;31m[K^~~~~~~~~~[m[K
[4.233s]       |         [32m[Krmw_publisher_t[m[K
[4.233s] [01m[K/home/petomartin/homework/ros2_ws/src/homework_package/src/division_node_B.cpp:14:60:[m[K [01;31m[Kerror: [m[Kâ€˜[01m[KFloat64[m[Kâ€™ is not a member of â€˜[01m[Kstd_msgs::msg[m[Kâ€™
[4.233s]    14 |         publisher_ = this->create_publisher<std_msgs::msg::[01;31m[KFloat64[m[K>("/division_resultB", 10);
[4.233s]       |                                                            [01;31m[K^~~~~~~[m[K
[4.233s] [01m[K/home/petomartin/homework/ros2_ws/src/homework_package/src/division_node_B.cpp:14:68:[m[K [01;31m[Kerror: [m[Kno matching function for call to â€˜[01m[KDivisionNode::create_publisher<<expression error> >(const char [18], int)[m[Kâ€™
[4.233s]    14 |         publisher_ = [01;31m[Kthis->create_publisher<std_msgs::msg::Float64>("/division_resultB", 10)[m[K;
[4.233s]       |                      [01;31m[K~~~~~~~~~~~~~~~~~~~~~~~~~~~~~~~~~~~~~~~~~~~~~~^~~~~~~~~~~~~~~~~~~~~~~~~[m[K
[4.233s] In file included from [01m[K/opt/ros/humble/include/rclcpp/rclcpp/executors/single_threaded_executor.hpp:28[m[K,
[4.233s]                  from [01m[K/opt/ros/humble/include/rclcpp/rclcpp/executors.hpp:22[m[K,
[4.233s]                  from [01m[K/opt/ros/humble/include/rclcpp/rclcpp/rclcpp.hpp:155[m[K,
[4.234s]                  from [01m[K/home/petomartin/homework/ros2_ws/src/homework_package/src/division_node_B.cpp:1[m[K:
[4.234s] [01m[K/opt/ros/humble/include/rclcpp/rclcpp/node.hpp:195:3:[m[K [01;36m[Knote: [m[Kcandidate: â€˜[01m[Ktemplate<class MessageT, class AllocatorT, class PublisherT> std::shared_ptr<PublisherT> rclcpp::Node::create_publisher(const string&, const rclcpp::QoS&, const rclcpp::PublisherOptionsWithAllocator<AllocatorT>&)[m[Kâ€™
[4.234s]   195 |   [01;36m[Kcreate_publisher[m[K(
[4.234s]       |   [01;36m[K^~~~~~~~~~~~~~~~[m[K
[4.234s] [01m[K/opt/ros/humble/include/rclcpp/rclcpp/node.hpp:195:3:[m[K [01;36m[Knote: [m[K  template argument deduction/substitution failed:
[4.234s] [01m[K/home/petomartin/homework/ros2_ws/src/homework_package/src/division_node_B.cpp:14:68:[m[K [01;31m[Kerror: [m[Ktemplate argument 1 is invalid
[4.234s]    14 |         publisher_ = [01;31m[Kthis->create_publisher<std_msgs::msg::Float64>("/division_resultB", 10)[m[K;
[4.234s]       |                      [01;31m[K~~~~~~~~~~~~~~~~~~~~~~~~~~~~~~~~~~~~~~~~~~~~~~^~~~~~~~~~~~~~~~~~~~~~~~~[m[K
[4.234s] [01m[K/home/petomartin/homework/ros2_ws/src/homework_package/src/division_node_B.cpp:[m[K In member function â€˜[01m[Kvoid DivisionNode::input_callback(std_msgs::msg::Float64MultiArray_<std::allocator<void> >::SharedPtr)[m[Kâ€™:
[4.234s] [01m[K/home/petomartin/homework/ros2_ws/src/homework_package/src/division_node_B.cpp:37:28:[m[K [01;31m[Kerror: [m[Kâ€˜[01m[KFloat64[m[Kâ€™ is not a member of â€˜[01m[Kstd_msgs::msg[m[Kâ€™
[4.234s]    37 |             std_msgs::msg::[01;31m[KFloat64[m[K result_msg;
[4.234s]       |                            [01;31m[K^~~~~~~[m[K
[4.234s] [01m[K/home/petomartin/homework/ros2_ws/src/homework_package/src/division_node_B.cpp:38:13:[m[K [01;31m[Kerror: [m[Kâ€˜[01m[Kresult_msg[m[Kâ€™ was not declared in this scope
[4.234s]    38 |             [01;31m[Kresult_msg[m[K.data = numerator / denominator;
[4.234s]       |             [01;31m[K^~~~~~~~~~[m[K
[4.234s] [01m[K/home/petomartin/homework/ros2_ws/src/homework_package/src/division_node_B.cpp:39:13:[m[K [01;31m[Kerror: [m[Kâ€˜[01m[Kpublisher_[m[Kâ€™ was not declared in this scope; did you mean â€˜[01m[Krmw_publisher_t[m[Kâ€™?
[4.234s]    39 |             [01;31m[Kpublisher_[m[K->publish(result_msg);
[4.234s]       |             [01;31m[K^~~~~~~~~~[m[K
[4.234s]       |             [32m[Krmw_publisher_t[m[K
[4.238s] gmake[2]: *** [CMakeFiles/division_node_B.dir/build.make:76: CMakeFiles/division_node_B.dir/src/division_node_B.cpp.o] Error 1
[4.238s] gmake[1]: *** [CMakeFiles/Makefile2:165: CMakeFiles/division_node_B.dir/all] Error 2
[4.239s] gmake: *** [Makefile:146: all] Error 2
[4.242s] Invoked command in '/home/petomartin/homework/ros2_ws/build/homework_package' returned '2': CMAKE_PREFIX_PATH=${CMAKE_PREFIX_PATH}:/home/petomartin/ros2_ws/install/my_robot_controller:/home/petomartin/ros2_ws/install/gazesim:/home/petomartin/install/my_robot_controller:/home/petomartin/install/ament_cmake_core:/opt/ros/humble /usr/bin/cmake --build /home/petomartin/homework/ros2_ws/build/homework_package -- -j8 -l8
