[0.031s] Invoking command in '/home/petomartin/homework/ros2_ws/build/homework_package': CMAKE_PREFIX_PATH=${CMAKE_PREFIX_PATH}:/home/petomartin/ros2_ws/install/my_robot_controller:/home/petomartin/ros2_ws/install/gazesim:/home/petomartin/install/my_robot_controller:/home/petomartin/install/ament_cmake_core:/opt/ros/humble /usr/bin/cmake /home/petomartin/homework/ros2_ws/src/homework_package -DAMENT_CMAKE_SYMLINK_INSTALL=1 -DCMAKE_INSTALL_PREFIX=/home/petomartin/homework/ros2_ws/install/homework_package
[0.089s] -- Found ament_cmake: 1.3.10 (/opt/ros/humble/share/ament_cmake/cmake)
[0.278s] -- Override CMake install command with custom implementation using symlinks instead of copying resources
[0.308s] -- Found rclcpp: 16.0.10 (/opt/ros/humble/share/rclcpp/cmake)
[0.436s] -- Found rosidl_generator_c: 3.1.5 (/opt/ros/humble/share/rosidl_generator_c/cmake)
[0.440s] -- Found rosidl_adapter: 3.1.5 (/opt/ros/humble/share/rosidl_adapter/cmake)
[0.450s] -- Found rosidl_generator_cpp: 3.1.5 (/opt/ros/humble/share/rosidl_generator_cpp/cmake)
[0.468s] -- Using all available rosidl_typesupport_c: rosidl_typesupport_fastrtps_c;rosidl_typesupport_introspection_c
[0.488s] -- Using all available rosidl_typesupport_cpp: rosidl_typesupport_fastrtps_cpp;rosidl_typesupport_introspection_cpp
[0.541s] -- Found rmw_implementation_cmake: 6.1.2 (/opt/ros/humble/share/rmw_implementation_cmake/cmake)
[0.545s] -- Found rmw_cyclonedds_cpp: 1.3.4 (/opt/ros/humble/share/rmw_cyclonedds_cpp/cmake)
[0.577s] -- Using RMW implementation 'rmw_cyclonedds_cpp' as default
[0.665s] -- Found ament_lint_auto: 0.12.11 (/opt/ros/humble/share/ament_lint_auto/cmake)
[0.752s] -- Added test 'cppcheck' to perform static code analysis on C / C++ code
[0.752s] -- Configured cppcheck include dirs: 
[0.753s] -- Configured cppcheck exclude dirs and/or files: 
[0.754s] -- Added test 'lint_cmake' to check CMake code style
[0.755s] -- Added test 'uncrustify' to check C / C++ code style
[0.755s] -- Configured uncrustify additional arguments: 
[0.755s] -- Added test 'xmllint' to check XML markup files
[0.761s] -- Configuring done
[0.781s] -- Generating done
[0.782s] -- Build files have been written to: /home/petomartin/homework/ros2_ws/build/homework_package
[0.791s] Invoked command in '/home/petomartin/homework/ros2_ws/build/homework_package' returned '0': CMAKE_PREFIX_PATH=${CMAKE_PREFIX_PATH}:/home/petomartin/ros2_ws/install/my_robot_controller:/home/petomartin/ros2_ws/install/gazesim:/home/petomartin/install/my_robot_controller:/home/petomartin/install/ament_cmake_core:/opt/ros/humble /usr/bin/cmake /home/petomartin/homework/ros2_ws/src/homework_package -DAMENT_CMAKE_SYMLINK_INSTALL=1 -DCMAKE_INSTALL_PREFIX=/home/petomartin/homework/ros2_ws/install/homework_package
[0.791s] Invoking command in '/home/petomartin/homework/ros2_ws/build/homework_package': CMAKE_PREFIX_PATH=${CMAKE_PREFIX_PATH}:/home/petomartin/ros2_ws/install/my_robot_controller:/home/petomartin/ros2_ws/install/gazesim:/home/petomartin/install/my_robot_controller:/home/petomartin/install/ament_cmake_core:/opt/ros/humble /usr/bin/cmake --build /home/petomartin/homework/ros2_ws/build/homework_package -- -j8 -l8
[0.825s] [35m[1mConsolidate compiler generated dependencies of target division_node[0m
[0.832s] [ 25%] [32mBuilding CXX object CMakeFiles/division_node_B.dir/src/division_node_B.cpp.o[0m
[0.878s] [ 50%] [32m[1mLinking CXX executable division_node[0m
[1.444s] [ 75%] Built target division_node
[5.564s] [01m[K/home/petomartin/homework/ros2_ws/src/homework_package/src/division_node_B.cpp:45:38:[m[K [01;31m[Kerror: [m[Kâ€˜[01m[KFloat64[m[Kâ€™ is not a member of â€˜[01m[Kstd_msgs::msg[m[Kâ€™
[5.564s]    45 |     rclcpp::Publisher<std_msgs::msg::[01;31m[KFloat64[m[K>::SharedPtr publisher_;
[5.564s]       |                                      [01;31m[K^~~~~~~[m[K
[5.564s] [01m[K/home/petomartin/homework/ros2_ws/src/homework_package/src/division_node_B.cpp:45:45:[m[K [01;31m[Kerror: [m[Ktemplate argument 1 is invalid
[5.564s]    45 |     rclcpp::Publisher<std_msgs::msg::Float64[01;31m[K>[m[K::SharedPtr publisher_;
[5.564s]       |                                             [01;31m[K^[m[K
[5.564s] [01m[K/home/petomartin/homework/ros2_ws/src/homework_package/src/division_node_B.cpp:45:48:[m[K [01;31m[Kerror: [m[Kexpected â€˜[01m[K;[m[Kâ€™ at end of member declaration
[5.564s]    45 |     rclcpp::Publisher<std_msgs::msg::Float64>::[01;31m[KSharedPtr[m[K publisher_;
[5.564s]       |                                                [01;31m[K^~~~~~~~~[m[K
[5.564s]       |                                                         [32m[K;[m[K
[5.564s] [01m[K/home/petomartin/homework/ros2_ws/src/homework_package/src/division_node_B.cpp:45:58:[m[K [01;31m[Kerror: [m[Kâ€˜[01m[Kpublisher_[m[Kâ€™ does not name a type; did you mean â€˜[01m[Krmw_publisher_t[m[Kâ€™?
[5.564s]    45 |     rclcpp::Publisher<std_msgs::msg::Float64>::SharedPtr [01;31m[Kpublisher_[m[K;
[5.564s]       |                                                          [01;31m[K^~~~~~~~~~[m[K
[5.564s]       |                                                          [32m[Krmw_publisher_t[m[K
[5.564s] [01m[K/home/petomartin/homework/ros2_ws/src/homework_package/src/division_node_B.cpp:[m[K In constructor â€˜[01m[KDivisionNode::DivisionNode()[m[Kâ€™:
[5.564s] [01m[K/home/petomartin/homework/ros2_ws/src/homework_package/src/division_node_B.cpp:14:9:[m[K [01;31m[Kerror: [m[Kâ€˜[01m[Kpublisher_[m[Kâ€™ was not declared in this scope; did you mean â€˜[01m[Krmw_publisher_t[m[Kâ€™?
[5.564s]    14 |         [01;31m[Kpublisher_[m[K = this->create_publisher<std_msgs::msg::Float64>("/division_resultB", 10);
[5.564s]       |         [01;31m[K^~~~~~~~~~[m[K
[5.564s]       |         [32m[Krmw_publisher_t[m[K
[5.564s] [01m[K/home/petomartin/homework/ros2_ws/src/homework_package/src/division_node_B.cpp:14:60:[m[K [01;31m[Kerror: [m[Kâ€˜[01m[KFloat64[m[Kâ€™ is not a member of â€˜[01m[Kstd_msgs::msg[m[Kâ€™
[5.564s]    14 |         publisher_ = this->create_publisher<std_msgs::msg::[01;31m[KFloat64[m[K>("/division_resultB", 10);
[5.564s]       |                                                            [01;31m[K^~~~~~~[m[K
[5.564s] [01m[K/home/petomartin/homework/ros2_ws/src/homework_package/src/division_node_B.cpp:14:68:[m[K [01;31m[Kerror: [m[Kno matching function for call to â€˜[01m[KDivisionNode::create_publisher<<expression error> >(const char [18], int)[m[Kâ€™
[5.564s]    14 |         publisher_ = [01;31m[Kthis->create_publisher<std_msgs::msg::Float64>("/division_resultB", 10)[m[K;
[5.565s]       |                      [01;31m[K~~~~~~~~~~~~~~~~~~~~~~~~~~~~~~~~~~~~~~~~~~~~~~^~~~~~~~~~~~~~~~~~~~~~~~~[m[K
[5.565s] In file included from [01m[K/opt/ros/humble/include/rclcpp/rclcpp/executors/single_threaded_executor.hpp:28[m[K,
[5.565s]                  from [01m[K/opt/ros/humble/include/rclcpp/rclcpp/executors.hpp:22[m[K,
[5.565s]                  from [01m[K/opt/ros/humble/include/rclcpp/rclcpp/rclcpp.hpp:155[m[K,
[5.565s]                  from [01m[K/home/petomartin/homework/ros2_ws/src/homework_package/src/division_node_B.cpp:1[m[K:
[5.565s] [01m[K/opt/ros/humble/include/rclcpp/rclcpp/node.hpp:195:3:[m[K [01;36m[Knote: [m[Kcandidate: â€˜[01m[Ktemplate<class MessageT, class AllocatorT, class PublisherT> std::shared_ptr<PublisherT> rclcpp::Node::create_publisher(const string&, const rclcpp::QoS&, const rclcpp::PublisherOptionsWithAllocator<AllocatorT>&)[m[Kâ€™
[5.565s]   195 |   [01;36m[Kcreate_publisher[m[K(
[5.565s]       |   [01;36m[K^~~~~~~~~~~~~~~~[m[K
[5.565s] [01m[K/opt/ros/humble/include/rclcpp/rclcpp/node.hpp:195:3:[m[K [01;36m[Knote: [m[K  template argument deduction/substitution failed:
[5.565s] [01m[K/home/petomartin/homework/ros2_ws/src/homework_package/src/division_node_B.cpp:14:68:[m[K [01;31m[Kerror: [m[Ktemplate argument 1 is invalid
[5.565s]    14 |         publisher_ = [01;31m[Kthis->create_publisher<std_msgs::msg::Float64>("/division_resultB", 10)[m[K;
[5.565s]       |                      [01;31m[K~~~~~~~~~~~~~~~~~~~~~~~~~~~~~~~~~~~~~~~~~~~~~~^~~~~~~~~~~~~~~~~~~~~~~~~[m[K
[5.565s] [01m[K/home/petomartin/homework/ros2_ws/src/homework_package/src/division_node_B.cpp:[m[K In member function â€˜[01m[Kvoid DivisionNode::input_callback(std_msgs::msg::Float64MultiArray_<std::allocator<void> >::SharedPtr)[m[Kâ€™:
[5.565s] [01m[K/home/petomartin/homework/ros2_ws/src/homework_package/src/division_node_B.cpp:37:28:[m[K [01;31m[Kerror: [m[Kâ€˜[01m[KFloat64[m[Kâ€™ is not a member of â€˜[01m[Kstd_msgs::msg[m[Kâ€™
[5.565s]    37 |             std_msgs::msg::[01;31m[KFloat64[m[K result_msg;
[5.565s]       |                            [01;31m[K^~~~~~~[m[K
[5.565s] [01m[K/home/petomartin/homework/ros2_ws/src/homework_package/src/division_node_B.cpp:38:13:[m[K [01;31m[Kerror: [m[Kâ€˜[01m[Kresult_msg[m[Kâ€™ was not declared in this scope
[5.565s]    38 |             [01;31m[Kresult_msg[m[K.data = numerator / denominator;
[5.565s]       |             [01;31m[K^~~~~~~~~~[m[K
[5.565s] [01m[K/home/petomartin/homework/ros2_ws/src/homework_package/src/division_node_B.cpp:39:13:[m[K [01;31m[Kerror: [m[Kâ€˜[01m[Kpublisher_[m[Kâ€™ was not declared in this scope; did you mean â€˜[01m[Krmw_publisher_t[m[Kâ€™?
[5.565s]    39 |             [01;31m[Kpublisher_[m[K->publish(result_msg);
[5.565s]       |             [01;31m[K^~~~~~~~~~[m[K
[5.565s]       |             [32m[Krmw_publisher_t[m[K
[5.566s] gmake[2]: *** [CMakeFiles/division_node_B.dir/build.make:76: CMakeFiles/division_node_B.dir/src/division_node_B.cpp.o] Error 1
[5.566s] gmake[1]: *** [CMakeFiles/Makefile2:165: CMakeFiles/division_node_B.dir/all] Error 2
[5.567s] gmake: *** [Makefile:146: all] Error 2
[5.569s] Invoked command in '/home/petomartin/homework/ros2_ws/build/homework_package' returned '2': CMAKE_PREFIX_PATH=${CMAKE_PREFIX_PATH}:/home/petomartin/ros2_ws/install/my_robot_controller:/home/petomartin/ros2_ws/install/gazesim:/home/petomartin/install/my_robot_controller:/home/petomartin/install/ament_cmake_core:/opt/ros/humble /usr/bin/cmake --build /home/petomartin/homework/ros2_ws/build/homework_package -- -j8 -l8
