[0.000000] (-) TimerEvent: {}
[0.001298] (homework_package) JobQueued: {'identifier': 'homework_package', 'dependencies': OrderedDict()}
[0.001413] (homework_package) JobStarted: {'identifier': 'homework_package'}
[0.024544] (homework_package) JobProgress: {'identifier': 'homework_package', 'progress': 'cmake'}
[0.026413] (homework_package) Command: {'cmd': ['/usr/bin/cmake', '/home/petomartin/homework/ros2_ws/src/homework_package', '-DAMENT_CMAKE_SYMLINK_INSTALL=1', '-DCMAKE_INSTALL_PREFIX=/home/petomartin/homework/ros2_ws/install/homework_package'], 'cwd': '/home/petomartin/homework/ros2_ws/build/homework_package', 'env': OrderedDict([('LESSOPEN', '| /usr/bin/lesspipe %s'), ('USER', 'petomartin'), ('CCACHE_DIR', '/var/tmp/ccache'), ('SHLVL', '1'), ('LIBGL_ALWAYS_SOFTWARE', '1'), ('LD_LIBRARY_PATH', '/usr/lib/x86_64-linux-gnu/gazebo-11/plugins:/opt/ros/humble/opt/rviz_ogre_vendor/lib:/opt/ros/humble/lib/x86_64-linux-gnu:/opt/ros/humble/lib:/usr/local/cuda/lib64:'), ('HOME', '/home/petomartin'), ('OLDPWD', '/home/petomartin'), ('ROS_PYTHON_VERSION', '3'), ('DBUS_SESSION_BUS_ADDRESS', 'unix:path=/run/user/1000/bus'), ('WSL_DISTRO_NAME', 'Ubuntu'), ('WAYLAND_DISPLAY', 'wayland-0'), ('COLCON_PREFIX_PATH', '/home/petomartin/ros2_ws/install:/home/petomartin/ros2_ws/src/gazesim/install:/home/petomartin/install'), ('ROS_DISTRO', 'humble'), ('LOGNAME', 'petomartin'), ('NAME', 'DESKTOP-SM4C3AR'), ('WSL_INTEROP', '/run/WSL/634_interop'), ('PULSE_SERVER', 'unix:/mnt/wslg/PulseServer'), ('_', '/usr/bin/colcon'), ('ROS_VERSION', '2'), ('TERM', 'xterm-256color'), ('ROS_LOCALHOST_ONLY', '0'), ('PATH', '/home/petomartin/.local/bin:/opt/ros/humble/bin:/usr/local/cuda/bin:/usr/local/sbin:/usr/local/bin:/usr/sbin:/usr/bin:/sbin:/bin:/usr/games:/usr/local/games:/usr/lib/wsl/lib:/mnt/c/Program Files/Python312/Scripts/:/mnt/c/Program Files/Python312/:/mnt/c/WINDOWS/system32:/mnt/c/WINDOWS:/mnt/c/WINDOWS/System32/Wbem:/mnt/c/WINDOWS/System32/WindowsPowerShell/v1.0/:/mnt/c/WINDOWS/System32/OpenSSH/:/mnt/c/Program Files/Microsoft SQL Server/150/Tools/Binn/:/mnt/c/Program Files/Microsoft SQL Server/Client SDK/ODBC/170/Tools/Binn/:/mnt/c/Program Files/dotnet/:/mnt/c/Program Files/Azure Data Studio/bin:/mnt/c/Program Files (x86)/Microsoft SQL Server/150/DTS/Binn/:/mnt/c/WINDOWS/system32:/mnt/c/WINDOWS:/mnt/c/WINDOWS/System32/Wbem:/mnt/c/WINDOWS/System32/WindowsPowerShell/v1.0/:/mnt/c/WINDOWS/System32/OpenSSH/:/mnt/c/Users/petof/OneDrive/Asztali gép/OOP2.0/php-8.2.12:/mnt/c/Program Files/Git/cmd:/mnt/c/Program Files/PuTTY/:/mnt/c/Program Files/nodejs/:/mnt/c/Users/petof/AppData/Local/Microsoft/WindowsApps:/mnt/c/Users/petof/.dotnet/tools:/mnt/c/Users/petof/AppData/Local/Programs/Microsoft VS Code/bin:/mnt/c/Users/petof/AppData/Local/GitHubDesktop/bin:/mnt/c/Users/petof/AppData/Roaming/Python/Python312/Scripts:/mnt/c/Users/petof/AppData/Roaming/npm:/snap/bin:/home/petomartin/.local/bin:/home/petomartin/.local/bin'), ('XDG_RUNTIME_DIR', '/run/user/1000/'), ('DISPLAY', ':0'), ('LANG', 'en_US.UTF-8'), ('RMW_IMPLEMENTATION', 'rmw_cyclonedds_cpp'), ('LS_COLORS', 'rs=0:di=01;34:ln=01;36:mh=00:pi=40;33:so=01;35:do=01;35:bd=40;33;01:cd=40;33;01:or=40;31;01:mi=00:su=37;41:sg=30;43:ca=30;41:tw=30;42:ow=34;42:st=37;44:ex=01;32:*.tar=01;31:*.tgz=01;31:*.arc=01;31:*.arj=01;31:*.taz=01;31:*.lha=01;31:*.lz4=01;31:*.lzh=01;31:*.lzma=01;31:*.tlz=01;31:*.txz=01;31:*.tzo=01;31:*.t7z=01;31:*.zip=01;31:*.z=01;31:*.dz=01;31:*.gz=01;31:*.lrz=01;31:*.lz=01;31:*.lzo=01;31:*.xz=01;31:*.zst=01;31:*.tzst=01;31:*.bz2=01;31:*.bz=01;31:*.tbz=01;31:*.tbz2=01;31:*.tz=01;31:*.deb=01;31:*.rpm=01;31:*.jar=01;31:*.war=01;31:*.ear=01;31:*.sar=01;31:*.rar=01;31:*.alz=01;31:*.ace=01;31:*.zoo=01;31:*.cpio=01;31:*.7z=01;31:*.rz=01;31:*.cab=01;31:*.wim=01;31:*.swm=01;31:*.dwm=01;31:*.esd=01;31:*.jpg=01;35:*.jpeg=01;35:*.mjpg=01;35:*.mjpeg=01;35:*.gif=01;35:*.bmp=01;35:*.pbm=01;35:*.pgm=01;35:*.ppm=01;35:*.tga=01;35:*.xbm=01;35:*.xpm=01;35:*.tif=01;35:*.tiff=01;35:*.png=01;35:*.svg=01;35:*.svgz=01;35:*.mng=01;35:*.pcx=01;35:*.mov=01;35:*.mpg=01;35:*.mpeg=01;35:*.m2v=01;35:*.mkv=01;35:*.webm=01;35:*.webp=01;35:*.ogm=01;35:*.mp4=01;35:*.m4v=01;35:*.mp4v=01;35:*.vob=01;35:*.qt=01;35:*.nuv=01;35:*.wmv=01;35:*.asf=01;35:*.rm=01;35:*.rmvb=01;35:*.flc=01;35:*.avi=01;35:*.fli=01;35:*.flv=01;35:*.gl=01;35:*.dl=01;35:*.xcf=01;35:*.xwd=01;35:*.yuv=01;35:*.cgm=01;35:*.emf=01;35:*.ogv=01;35:*.ogx=01;35:*.aac=00;36:*.au=00;36:*.flac=00;36:*.m4a=00;36:*.mid=00;36:*.midi=00;36:*.mka=00;36:*.mp3=00;36:*.mpc=00;36:*.ogg=00;36:*.ra=00;36:*.wav=00;36:*.oga=00;36:*.opus=00;36:*.spx=00;36:*.xspf=00;36:'), ('AMENT_PREFIX_PATH', '/home/petomartin/ros2_ws/install/my_robot_controller:/home/petomartin/ros2_ws/install/my_gazebo_package:/home/petomartin/ros2_ws/install/gazesim:/home/petomartin/install/openscenario_experimental_catalog:/home/petomartin/install/my_robot_controller:/home/petomartin/install/ament_cmake_version:/home/petomartin/install/ament_cmake_test:/home/petomartin/install/ament_cmake_python:/home/petomartin/install/ament_cmake_export_dependencies:/home/petomartin/install/ament_cmake_libraries:/home/petomartin/install/ament_cmake_include_directories:/home/petomartin/install/ament_cmake_export_targets:/home/petomartin/install/ament_cmake_export_link_flags:/home/petomartin/install/ament_cmake_export_interfaces:/home/petomartin/install/ament_cmake_export_libraries:/home/petomartin/install/ament_cmake_export_include_directories:/home/petomartin/install/ament_cmake_export_definitions:/home/petomartin/install/ament_cmake_core:/opt/ros/humble'), ('SHELL', '/bin/bash'), ('CXX', '/usr/lib/ccache/g++'), ('LESSCLOSE', '/usr/bin/lesspipe %s %s'), ('PWD', '/home/petomartin/homework/ros2_ws/build/homework_package'), ('TURTLEBOT3_MODEL', 'waffle'), ('XDG_DATA_DIRS', '/usr/local/share:/usr/share:/var/lib/snapd/desktop'), ('PYTHONPATH', '/home/petomartin/ros2_ws/install/my_robot_controller/lib/python3.10/site-packages:/home/petomartin/ros2_ws/install/gazesim/lib/python3.10/site-packages:/home/petomartin/ros2_ws/src/gazesim/build/gazesim:/home/petomartin/ros2_ws/src/gazesim/install/gazesim/lib/python3.10/site-packages:/home/petomartin/install/my_robot_controller/lib/python3.10/site-packages:/home/petomartin/install/gazesim/lib/python3.10/site-packages:/home/petomartin/install/ament_cmake_test/local/lib/python3.10/dist-packages:/opt/ros/humble/lib/python3.10/site-packages:/opt/ros/humble/local/lib/python3.10/dist-packages'), ('CC', '/usr/lib/ccache/gcc'), ('COLCON', '1'), ('WSL2_GUI_APPS_ENABLED', '1'), ('HOSTTYPE', 'x86_64'), ('CMAKE_PREFIX_PATH', '/home/petomartin/ros2_ws/install/my_gazebo_package:/home/petomartin/install/openscenario_experimental_catalog:/home/petomartin/install/ament_cmake_version:/home/petomartin/install/ament_cmake_test:/home/petomartin/install/ament_cmake_target_dependencies:/home/petomartin/install/ament_cmake_python:/home/petomartin/install/ament_cmake_export_dependencies:/home/petomartin/install/ament_cmake_libraries:/home/petomartin/install/ament_cmake_include_directories:/home/petomartin/install/ament_cmake_export_targets:/home/petomartin/install/ament_cmake_export_link_flags:/home/petomartin/install/ament_cmake_export_interfaces:/home/petomartin/install/ament_cmake_export_libraries:/home/petomartin/install/ament_cmake_export_include_directories:/home/petomartin/install/ament_cmake_export_definitions:/home/petomartin/ros2_ws/install/my_robot_controller:/home/petomartin/ros2_ws/install/gazesim:/home/petomartin/install/my_robot_controller:/home/petomartin/install/ament_cmake_core:/opt/ros/humble'), ('WSLENV', '')]), 'shell': False}
[0.090202] (homework_package) StdoutLine: {'line': b'-- Found ament_cmake: 1.3.10 (/opt/ros/humble/share/ament_cmake/cmake)\n'}
[0.099946] (-) TimerEvent: {}
[0.200299] (-) TimerEvent: {}
[0.279024] (homework_package) StdoutLine: {'line': b'-- Override CMake install command with custom implementation using symlinks instead of copying resources\n'}
[0.300432] (-) TimerEvent: {}
[0.309323] (homework_package) StdoutLine: {'line': b'-- Found rclcpp: 16.0.10 (/opt/ros/humble/share/rclcpp/cmake)\n'}
[0.400579] (-) TimerEvent: {}
[0.437071] (homework_package) StdoutLine: {'line': b'-- Found rosidl_generator_c: 3.1.5 (/opt/ros/humble/share/rosidl_generator_c/cmake)\n'}
[0.441467] (homework_package) StdoutLine: {'line': b'-- Found rosidl_adapter: 3.1.5 (/opt/ros/humble/share/rosidl_adapter/cmake)\n'}
[0.451621] (homework_package) StdoutLine: {'line': b'-- Found rosidl_generator_cpp: 3.1.5 (/opt/ros/humble/share/rosidl_generator_cpp/cmake)\n'}
[0.469630] (homework_package) StdoutLine: {'line': b'-- Using all available rosidl_typesupport_c: rosidl_typesupport_fastrtps_c;rosidl_typesupport_introspection_c\n'}
[0.489343] (homework_package) StdoutLine: {'line': b'-- Using all available rosidl_typesupport_cpp: rosidl_typesupport_fastrtps_cpp;rosidl_typesupport_introspection_cpp\n'}
[0.500701] (-) TimerEvent: {}
[0.541964] (homework_package) StdoutLine: {'line': b'-- Found rmw_implementation_cmake: 6.1.2 (/opt/ros/humble/share/rmw_implementation_cmake/cmake)\n'}
[0.546440] (homework_package) StdoutLine: {'line': b'-- Found rmw_cyclonedds_cpp: 1.3.4 (/opt/ros/humble/share/rmw_cyclonedds_cpp/cmake)\n'}
[0.578129] (homework_package) StdoutLine: {'line': b"-- Using RMW implementation 'rmw_cyclonedds_cpp' as default\n"}
[0.600845] (-) TimerEvent: {}
[0.666402] (homework_package) StdoutLine: {'line': b'-- Found ament_lint_auto: 0.12.11 (/opt/ros/humble/share/ament_lint_auto/cmake)\n'}
[0.701163] (-) TimerEvent: {}
[0.753749] (homework_package) StdoutLine: {'line': b"-- Added test 'cppcheck' to perform static code analysis on C / C++ code\n"}
[0.753917] (homework_package) StdoutLine: {'line': b'-- Configured cppcheck include dirs: \n'}
[0.753967] (homework_package) StdoutLine: {'line': b'-- Configured cppcheck exclude dirs and/or files: \n'}
[0.754935] (homework_package) StdoutLine: {'line': b"-- Added test 'lint_cmake' to check CMake code style\n"}
[0.756147] (homework_package) StdoutLine: {'line': b"-- Added test 'uncrustify' to check C / C++ code style\n"}
[0.756216] (homework_package) StdoutLine: {'line': b'-- Configured uncrustify additional arguments: \n'}
[0.756661] (homework_package) StdoutLine: {'line': b"-- Added test 'xmllint' to check XML markup files\n"}
[0.762354] (homework_package) StdoutLine: {'line': b'-- Configuring done\n'}
[0.782697] (homework_package) StdoutLine: {'line': b'-- Generating done\n'}
[0.783817] (homework_package) StdoutLine: {'line': b'-- Build files have been written to: /home/petomartin/homework/ros2_ws/build/homework_package\n'}
[0.791925] (homework_package) CommandEnded: {'returncode': 0}
[0.792349] (homework_package) JobProgress: {'identifier': 'homework_package', 'progress': 'build'}
[0.792371] (homework_package) Command: {'cmd': ['/usr/bin/cmake', '--build', '/home/petomartin/homework/ros2_ws/build/homework_package', '--', '-j8', '-l8'], 'cwd': '/home/petomartin/homework/ros2_ws/build/homework_package', 'env': OrderedDict([('LESSOPEN', '| /usr/bin/lesspipe %s'), ('USER', 'petomartin'), ('CCACHE_DIR', '/var/tmp/ccache'), ('SHLVL', '1'), ('LIBGL_ALWAYS_SOFTWARE', '1'), ('LD_LIBRARY_PATH', '/usr/lib/x86_64-linux-gnu/gazebo-11/plugins:/opt/ros/humble/opt/rviz_ogre_vendor/lib:/opt/ros/humble/lib/x86_64-linux-gnu:/opt/ros/humble/lib:/usr/local/cuda/lib64:'), ('HOME', '/home/petomartin'), ('OLDPWD', '/home/petomartin'), ('ROS_PYTHON_VERSION', '3'), ('DBUS_SESSION_BUS_ADDRESS', 'unix:path=/run/user/1000/bus'), ('WSL_DISTRO_NAME', 'Ubuntu'), ('WAYLAND_DISPLAY', 'wayland-0'), ('COLCON_PREFIX_PATH', '/home/petomartin/ros2_ws/install:/home/petomartin/ros2_ws/src/gazesim/install:/home/petomartin/install'), ('ROS_DISTRO', 'humble'), ('LOGNAME', 'petomartin'), ('NAME', 'DESKTOP-SM4C3AR'), ('WSL_INTEROP', '/run/WSL/634_interop'), ('PULSE_SERVER', 'unix:/mnt/wslg/PulseServer'), ('_', '/usr/bin/colcon'), ('ROS_VERSION', '2'), ('TERM', 'xterm-256color'), ('ROS_LOCALHOST_ONLY', '0'), ('PATH', '/home/petomartin/.local/bin:/opt/ros/humble/bin:/usr/local/cuda/bin:/usr/local/sbin:/usr/local/bin:/usr/sbin:/usr/bin:/sbin:/bin:/usr/games:/usr/local/games:/usr/lib/wsl/lib:/mnt/c/Program Files/Python312/Scripts/:/mnt/c/Program Files/Python312/:/mnt/c/WINDOWS/system32:/mnt/c/WINDOWS:/mnt/c/WINDOWS/System32/Wbem:/mnt/c/WINDOWS/System32/WindowsPowerShell/v1.0/:/mnt/c/WINDOWS/System32/OpenSSH/:/mnt/c/Program Files/Microsoft SQL Server/150/Tools/Binn/:/mnt/c/Program Files/Microsoft SQL Server/Client SDK/ODBC/170/Tools/Binn/:/mnt/c/Program Files/dotnet/:/mnt/c/Program Files/Azure Data Studio/bin:/mnt/c/Program Files (x86)/Microsoft SQL Server/150/DTS/Binn/:/mnt/c/WINDOWS/system32:/mnt/c/WINDOWS:/mnt/c/WINDOWS/System32/Wbem:/mnt/c/WINDOWS/System32/WindowsPowerShell/v1.0/:/mnt/c/WINDOWS/System32/OpenSSH/:/mnt/c/Users/petof/OneDrive/Asztali gép/OOP2.0/php-8.2.12:/mnt/c/Program Files/Git/cmd:/mnt/c/Program Files/PuTTY/:/mnt/c/Program Files/nodejs/:/mnt/c/Users/petof/AppData/Local/Microsoft/WindowsApps:/mnt/c/Users/petof/.dotnet/tools:/mnt/c/Users/petof/AppData/Local/Programs/Microsoft VS Code/bin:/mnt/c/Users/petof/AppData/Local/GitHubDesktop/bin:/mnt/c/Users/petof/AppData/Roaming/Python/Python312/Scripts:/mnt/c/Users/petof/AppData/Roaming/npm:/snap/bin:/home/petomartin/.local/bin:/home/petomartin/.local/bin'), ('XDG_RUNTIME_DIR', '/run/user/1000/'), ('DISPLAY', ':0'), ('LANG', 'en_US.UTF-8'), ('RMW_IMPLEMENTATION', 'rmw_cyclonedds_cpp'), ('LS_COLORS', 'rs=0:di=01;34:ln=01;36:mh=00:pi=40;33:so=01;35:do=01;35:bd=40;33;01:cd=40;33;01:or=40;31;01:mi=00:su=37;41:sg=30;43:ca=30;41:tw=30;42:ow=34;42:st=37;44:ex=01;32:*.tar=01;31:*.tgz=01;31:*.arc=01;31:*.arj=01;31:*.taz=01;31:*.lha=01;31:*.lz4=01;31:*.lzh=01;31:*.lzma=01;31:*.tlz=01;31:*.txz=01;31:*.tzo=01;31:*.t7z=01;31:*.zip=01;31:*.z=01;31:*.dz=01;31:*.gz=01;31:*.lrz=01;31:*.lz=01;31:*.lzo=01;31:*.xz=01;31:*.zst=01;31:*.tzst=01;31:*.bz2=01;31:*.bz=01;31:*.tbz=01;31:*.tbz2=01;31:*.tz=01;31:*.deb=01;31:*.rpm=01;31:*.jar=01;31:*.war=01;31:*.ear=01;31:*.sar=01;31:*.rar=01;31:*.alz=01;31:*.ace=01;31:*.zoo=01;31:*.cpio=01;31:*.7z=01;31:*.rz=01;31:*.cab=01;31:*.wim=01;31:*.swm=01;31:*.dwm=01;31:*.esd=01;31:*.jpg=01;35:*.jpeg=01;35:*.mjpg=01;35:*.mjpeg=01;35:*.gif=01;35:*.bmp=01;35:*.pbm=01;35:*.pgm=01;35:*.ppm=01;35:*.tga=01;35:*.xbm=01;35:*.xpm=01;35:*.tif=01;35:*.tiff=01;35:*.png=01;35:*.svg=01;35:*.svgz=01;35:*.mng=01;35:*.pcx=01;35:*.mov=01;35:*.mpg=01;35:*.mpeg=01;35:*.m2v=01;35:*.mkv=01;35:*.webm=01;35:*.webp=01;35:*.ogm=01;35:*.mp4=01;35:*.m4v=01;35:*.mp4v=01;35:*.vob=01;35:*.qt=01;35:*.nuv=01;35:*.wmv=01;35:*.asf=01;35:*.rm=01;35:*.rmvb=01;35:*.flc=01;35:*.avi=01;35:*.fli=01;35:*.flv=01;35:*.gl=01;35:*.dl=01;35:*.xcf=01;35:*.xwd=01;35:*.yuv=01;35:*.cgm=01;35:*.emf=01;35:*.ogv=01;35:*.ogx=01;35:*.aac=00;36:*.au=00;36:*.flac=00;36:*.m4a=00;36:*.mid=00;36:*.midi=00;36:*.mka=00;36:*.mp3=00;36:*.mpc=00;36:*.ogg=00;36:*.ra=00;36:*.wav=00;36:*.oga=00;36:*.opus=00;36:*.spx=00;36:*.xspf=00;36:'), ('AMENT_PREFIX_PATH', '/home/petomartin/ros2_ws/install/my_robot_controller:/home/petomartin/ros2_ws/install/my_gazebo_package:/home/petomartin/ros2_ws/install/gazesim:/home/petomartin/install/openscenario_experimental_catalog:/home/petomartin/install/my_robot_controller:/home/petomartin/install/ament_cmake_version:/home/petomartin/install/ament_cmake_test:/home/petomartin/install/ament_cmake_python:/home/petomartin/install/ament_cmake_export_dependencies:/home/petomartin/install/ament_cmake_libraries:/home/petomartin/install/ament_cmake_include_directories:/home/petomartin/install/ament_cmake_export_targets:/home/petomartin/install/ament_cmake_export_link_flags:/home/petomartin/install/ament_cmake_export_interfaces:/home/petomartin/install/ament_cmake_export_libraries:/home/petomartin/install/ament_cmake_export_include_directories:/home/petomartin/install/ament_cmake_export_definitions:/home/petomartin/install/ament_cmake_core:/opt/ros/humble'), ('SHELL', '/bin/bash'), ('CXX', '/usr/lib/ccache/g++'), ('LESSCLOSE', '/usr/bin/lesspipe %s %s'), ('PWD', '/home/petomartin/homework/ros2_ws/build/homework_package'), ('TURTLEBOT3_MODEL', 'waffle'), ('XDG_DATA_DIRS', '/usr/local/share:/usr/share:/var/lib/snapd/desktop'), ('PYTHONPATH', '/home/petomartin/ros2_ws/install/my_robot_controller/lib/python3.10/site-packages:/home/petomartin/ros2_ws/install/gazesim/lib/python3.10/site-packages:/home/petomartin/ros2_ws/src/gazesim/build/gazesim:/home/petomartin/ros2_ws/src/gazesim/install/gazesim/lib/python3.10/site-packages:/home/petomartin/install/my_robot_controller/lib/python3.10/site-packages:/home/petomartin/install/gazesim/lib/python3.10/site-packages:/home/petomartin/install/ament_cmake_test/local/lib/python3.10/dist-packages:/opt/ros/humble/lib/python3.10/site-packages:/opt/ros/humble/local/lib/python3.10/dist-packages'), ('CC', '/usr/lib/ccache/gcc'), ('COLCON', '1'), ('WSL2_GUI_APPS_ENABLED', '1'), ('HOSTTYPE', 'x86_64'), ('CMAKE_PREFIX_PATH', '/home/petomartin/ros2_ws/install/my_gazebo_package:/home/petomartin/install/openscenario_experimental_catalog:/home/petomartin/install/ament_cmake_version:/home/petomartin/install/ament_cmake_test:/home/petomartin/install/ament_cmake_target_dependencies:/home/petomartin/install/ament_cmake_python:/home/petomartin/install/ament_cmake_export_dependencies:/home/petomartin/install/ament_cmake_libraries:/home/petomartin/install/ament_cmake_include_directories:/home/petomartin/install/ament_cmake_export_targets:/home/petomartin/install/ament_cmake_export_link_flags:/home/petomartin/install/ament_cmake_export_interfaces:/home/petomartin/install/ament_cmake_export_libraries:/home/petomartin/install/ament_cmake_export_include_directories:/home/petomartin/install/ament_cmake_export_definitions:/home/petomartin/ros2_ws/install/my_robot_controller:/home/petomartin/ros2_ws/install/gazesim:/home/petomartin/install/my_robot_controller:/home/petomartin/install/ament_cmake_core:/opt/ros/humble'), ('WSLENV', '')]), 'shell': False}
[0.801387] (-) TimerEvent: {}
[0.826740] (homework_package) StdoutLine: {'line': b'\x1b[35m\x1b[1mConsolidate compiler generated dependencies of target division_node\x1b[0m\n'}
[0.833121] (homework_package) StdoutLine: {'line': b'[ 25%] \x1b[32mBuilding CXX object CMakeFiles/division_node_B.dir/src/division_node_B.cpp.o\x1b[0m\n'}
[0.878834] (homework_package) StdoutLine: {'line': b'[ 50%] \x1b[32m\x1b[1mLinking CXX executable division_node\x1b[0m\n'}
[0.901515] (-) TimerEvent: {}
[1.001846] (-) TimerEvent: {}
[1.102201] (-) TimerEvent: {}
[1.202578] (-) TimerEvent: {}
[1.302977] (-) TimerEvent: {}
[1.403379] (-) TimerEvent: {}
[1.444862] (homework_package) StdoutLine: {'line': b'[ 75%] Built target division_node\n'}
[1.503632] (-) TimerEvent: {}
[1.604144] (-) TimerEvent: {}
[1.704586] (-) TimerEvent: {}
[1.805146] (-) TimerEvent: {}
[1.905882] (-) TimerEvent: {}
[2.006345] (-) TimerEvent: {}
[2.106756] (-) TimerEvent: {}
[2.207233] (-) TimerEvent: {}
[2.307958] (-) TimerEvent: {}
[2.408496] (-) TimerEvent: {}
[2.508935] (-) TimerEvent: {}
[2.609506] (-) TimerEvent: {}
[2.709977] (-) TimerEvent: {}
[2.810765] (-) TimerEvent: {}
[2.911593] (-) TimerEvent: {}
[3.012131] (-) TimerEvent: {}
[3.112647] (-) TimerEvent: {}
[3.213025] (-) TimerEvent: {}
[3.313499] (-) TimerEvent: {}
[3.413999] (-) TimerEvent: {}
[3.514457] (-) TimerEvent: {}
[3.614910] (-) TimerEvent: {}
[3.715379] (-) TimerEvent: {}
[3.815927] (-) TimerEvent: {}
[3.916411] (-) TimerEvent: {}
[4.016874] (-) TimerEvent: {}
[4.117461] (-) TimerEvent: {}
[4.217892] (-) TimerEvent: {}
[4.318408] (-) TimerEvent: {}
[4.419110] (-) TimerEvent: {}
[4.519574] (-) TimerEvent: {}
[4.620050] (-) TimerEvent: {}
[4.720527] (-) TimerEvent: {}
[4.821045] (-) TimerEvent: {}
[4.921570] (-) TimerEvent: {}
[5.022124] (-) TimerEvent: {}
[5.122610] (-) TimerEvent: {}
[5.223356] (-) TimerEvent: {}
[5.323984] (-) TimerEvent: {}
[5.424444] (-) TimerEvent: {}
[5.524863] (-) TimerEvent: {}
[5.564836] (homework_package) StderrLine: {'line': b'\x1b[01m\x1b[K/home/petomartin/homework/ros2_ws/src/homework_package/src/division_node_B.cpp:45:38:\x1b[m\x1b[K \x1b[01;31m\x1b[Kerror: \x1b[m\x1b[K\xe2\x80\x98\x1b[01m\x1b[KFloat64\x1b[m\x1b[K\xe2\x80\x99 is not a member of \xe2\x80\x98\x1b[01m\x1b[Kstd_msgs::msg\x1b[m\x1b[K\xe2\x80\x99\n'}
[5.565006] (homework_package) StderrLine: {'line': b'   45 |     rclcpp::Publisher<std_msgs::msg::\x1b[01;31m\x1b[KFloat64\x1b[m\x1b[K>::SharedPtr publisher_;\n'}
[5.565061] (homework_package) StderrLine: {'line': b'      |                                      \x1b[01;31m\x1b[K^~~~~~~\x1b[m\x1b[K\n'}
[5.565106] (homework_package) StderrLine: {'line': b'\x1b[01m\x1b[K/home/petomartin/homework/ros2_ws/src/homework_package/src/division_node_B.cpp:45:45:\x1b[m\x1b[K \x1b[01;31m\x1b[Kerror: \x1b[m\x1b[Ktemplate argument 1 is invalid\n'}
[5.565143] (homework_package) StderrLine: {'line': b'   45 |     rclcpp::Publisher<std_msgs::msg::Float64\x1b[01;31m\x1b[K>\x1b[m\x1b[K::SharedPtr publisher_;\n'}
[5.565198] (homework_package) StderrLine: {'line': b'      |                                             \x1b[01;31m\x1b[K^\x1b[m\x1b[K\n'}
[5.565238] (homework_package) StderrLine: {'line': b'\x1b[01m\x1b[K/home/petomartin/homework/ros2_ws/src/homework_package/src/division_node_B.cpp:45:48:\x1b[m\x1b[K \x1b[01;31m\x1b[Kerror: \x1b[m\x1b[Kexpected \xe2\x80\x98\x1b[01m\x1b[K;\x1b[m\x1b[K\xe2\x80\x99 at end of member declaration\n'}
[5.565276] (homework_package) StderrLine: {'line': b'   45 |     rclcpp::Publisher<std_msgs::msg::Float64>::\x1b[01;31m\x1b[KSharedPtr\x1b[m\x1b[K publisher_;\n'}
[5.565315] (homework_package) StderrLine: {'line': b'      |                                                \x1b[01;31m\x1b[K^~~~~~~~~\x1b[m\x1b[K\n'}
[5.565361] (homework_package) StderrLine: {'line': b'      |                                                         \x1b[32m\x1b[K;\x1b[m\x1b[K\n'}
[5.565396] (homework_package) StderrLine: {'line': b'\x1b[01m\x1b[K/home/petomartin/homework/ros2_ws/src/homework_package/src/division_node_B.cpp:45:58:\x1b[m\x1b[K \x1b[01;31m\x1b[Kerror: \x1b[m\x1b[K\xe2\x80\x98\x1b[01m\x1b[Kpublisher_\x1b[m\x1b[K\xe2\x80\x99 does not name a type; did you mean \xe2\x80\x98\x1b[01m\x1b[Krmw_publisher_t\x1b[m\x1b[K\xe2\x80\x99?\n'}
[5.565432] (homework_package) StderrLine: {'line': b'   45 |     rclcpp::Publisher<std_msgs::msg::Float64>::SharedPtr \x1b[01;31m\x1b[Kpublisher_\x1b[m\x1b[K;\n'}
[5.565471] (homework_package) StderrLine: {'line': b'      |                                                          \x1b[01;31m\x1b[K^~~~~~~~~~\x1b[m\x1b[K\n'}
[5.565508] (homework_package) StderrLine: {'line': b'      |                                                          \x1b[32m\x1b[Krmw_publisher_t\x1b[m\x1b[K\n'}
[5.565546] (homework_package) StderrLine: {'line': b'\x1b[01m\x1b[K/home/petomartin/homework/ros2_ws/src/homework_package/src/division_node_B.cpp:\x1b[m\x1b[K In constructor \xe2\x80\x98\x1b[01m\x1b[KDivisionNode::DivisionNode()\x1b[m\x1b[K\xe2\x80\x99:\n'}
[5.565588] (homework_package) StderrLine: {'line': b'\x1b[01m\x1b[K/home/petomartin/homework/ros2_ws/src/homework_package/src/division_node_B.cpp:14:9:\x1b[m\x1b[K \x1b[01;31m\x1b[Kerror: \x1b[m\x1b[K\xe2\x80\x98\x1b[01m\x1b[Kpublisher_\x1b[m\x1b[K\xe2\x80\x99 was not declared in this scope; did you mean \xe2\x80\x98\x1b[01m\x1b[Krmw_publisher_t\x1b[m\x1b[K\xe2\x80\x99?\n'}
[5.565624] (homework_package) StderrLine: {'line': b'   14 |         \x1b[01;31m\x1b[Kpublisher_\x1b[m\x1b[K = this->create_publisher<std_msgs::msg::Float64>("/division_resultB", 10);\n'}
[5.565660] (homework_package) StderrLine: {'line': b'      |         \x1b[01;31m\x1b[K^~~~~~~~~~\x1b[m\x1b[K\n'}
[5.565694] (homework_package) StderrLine: {'line': b'      |         \x1b[32m\x1b[Krmw_publisher_t\x1b[m\x1b[K\n'}
[5.565730] (homework_package) StderrLine: {'line': b'\x1b[01m\x1b[K/home/petomartin/homework/ros2_ws/src/homework_package/src/division_node_B.cpp:14:60:\x1b[m\x1b[K \x1b[01;31m\x1b[Kerror: \x1b[m\x1b[K\xe2\x80\x98\x1b[01m\x1b[KFloat64\x1b[m\x1b[K\xe2\x80\x99 is not a member of \xe2\x80\x98\x1b[01m\x1b[Kstd_msgs::msg\x1b[m\x1b[K\xe2\x80\x99\n'}
[5.565771] (homework_package) StderrLine: {'line': b'   14 |         publisher_ = this->create_publisher<std_msgs::msg::\x1b[01;31m\x1b[KFloat64\x1b[m\x1b[K>("/division_resultB", 10);\n'}
[5.565821] (homework_package) StderrLine: {'line': b'      |                                                            \x1b[01;31m\x1b[K^~~~~~~\x1b[m\x1b[K\n'}
[5.565861] (homework_package) StderrLine: {'line': b'\x1b[01m\x1b[K/home/petomartin/homework/ros2_ws/src/homework_package/src/division_node_B.cpp:14:68:\x1b[m\x1b[K \x1b[01;31m\x1b[Kerror: \x1b[m\x1b[Kno matching function for call to \xe2\x80\x98\x1b[01m\x1b[KDivisionNode::create_publisher<<expression error> >(const char [18], int)\x1b[m\x1b[K\xe2\x80\x99\n'}
[5.565904] (homework_package) StderrLine: {'line': b'   14 |         publisher_ = \x1b[01;31m\x1b[Kthis->create_publisher<std_msgs::msg::Float64>("/division_resultB", 10)\x1b[m\x1b[K;\n'}
[5.565945] (homework_package) StderrLine: {'line': b'      |                      \x1b[01;31m\x1b[K~~~~~~~~~~~~~~~~~~~~~~~~~~~~~~~~~~~~~~~~~~~~~~^~~~~~~~~~~~~~~~~~~~~~~~~\x1b[m\x1b[K\n'}
[5.565980] (homework_package) StderrLine: {'line': b'In file included from \x1b[01m\x1b[K/opt/ros/humble/include/rclcpp/rclcpp/executors/single_threaded_executor.hpp:28\x1b[m\x1b[K,\n'}
[5.566019] (homework_package) StderrLine: {'line': b'                 from \x1b[01m\x1b[K/opt/ros/humble/include/rclcpp/rclcpp/executors.hpp:22\x1b[m\x1b[K,\n'}
[5.566057] (homework_package) StderrLine: {'line': b'                 from \x1b[01m\x1b[K/opt/ros/humble/include/rclcpp/rclcpp/rclcpp.hpp:155\x1b[m\x1b[K,\n'}
[5.566094] (homework_package) StderrLine: {'line': b'                 from \x1b[01m\x1b[K/home/petomartin/homework/ros2_ws/src/homework_package/src/division_node_B.cpp:1\x1b[m\x1b[K:\n'}
[5.566134] (homework_package) StderrLine: {'line': b'\x1b[01m\x1b[K/opt/ros/humble/include/rclcpp/rclcpp/node.hpp:195:3:\x1b[m\x1b[K \x1b[01;36m\x1b[Knote: \x1b[m\x1b[Kcandidate: \xe2\x80\x98\x1b[01m\x1b[Ktemplate<class MessageT, class AllocatorT, class PublisherT> std::shared_ptr<PublisherT> rclcpp::Node::create_publisher(const string&, const rclcpp::QoS&, const rclcpp::PublisherOptionsWithAllocator<AllocatorT>&)\x1b[m\x1b[K\xe2\x80\x99\n'}
[5.566177] (homework_package) StderrLine: {'line': b'  195 |   \x1b[01;36m\x1b[Kcreate_publisher\x1b[m\x1b[K(\n'}
[5.566216] (homework_package) StderrLine: {'line': b'      |   \x1b[01;36m\x1b[K^~~~~~~~~~~~~~~~\x1b[m\x1b[K\n'}
[5.566270] (homework_package) StderrLine: {'line': b'\x1b[01m\x1b[K/opt/ros/humble/include/rclcpp/rclcpp/node.hpp:195:3:\x1b[m\x1b[K \x1b[01;36m\x1b[Knote: \x1b[m\x1b[K  template argument deduction/substitution failed:\n'}
[5.566311] (homework_package) StderrLine: {'line': b'\x1b[01m\x1b[K/home/petomartin/homework/ros2_ws/src/homework_package/src/division_node_B.cpp:14:68:\x1b[m\x1b[K \x1b[01;31m\x1b[Kerror: \x1b[m\x1b[Ktemplate argument 1 is invalid\n'}
[5.566349] (homework_package) StderrLine: {'line': b'   14 |         publisher_ = \x1b[01;31m\x1b[Kthis->create_publisher<std_msgs::msg::Float64>("/division_resultB", 10)\x1b[m\x1b[K;\n'}
[5.566388] (homework_package) StderrLine: {'line': b'      |                      \x1b[01;31m\x1b[K~~~~~~~~~~~~~~~~~~~~~~~~~~~~~~~~~~~~~~~~~~~~~~^~~~~~~~~~~~~~~~~~~~~~~~~\x1b[m\x1b[K\n'}
[5.566433] (homework_package) StderrLine: {'line': b'\x1b[01m\x1b[K/home/petomartin/homework/ros2_ws/src/homework_package/src/division_node_B.cpp:\x1b[m\x1b[K In member function \xe2\x80\x98\x1b[01m\x1b[Kvoid DivisionNode::input_callback(std_msgs::msg::Float64MultiArray_<std::allocator<void> >::SharedPtr)\x1b[m\x1b[K\xe2\x80\x99:\n'}
[5.566476] (homework_package) StderrLine: {'line': b'\x1b[01m\x1b[K/home/petomartin/homework/ros2_ws/src/homework_package/src/division_node_B.cpp:37:28:\x1b[m\x1b[K \x1b[01;31m\x1b[Kerror: \x1b[m\x1b[K\xe2\x80\x98\x1b[01m\x1b[KFloat64\x1b[m\x1b[K\xe2\x80\x99 is not a member of \xe2\x80\x98\x1b[01m\x1b[Kstd_msgs::msg\x1b[m\x1b[K\xe2\x80\x99\n'}
[5.566531] (homework_package) StderrLine: {'line': b'   37 |             std_msgs::msg::\x1b[01;31m\x1b[KFloat64\x1b[m\x1b[K result_msg;\n'}
[5.566583] (homework_package) StderrLine: {'line': b'      |                            \x1b[01;31m\x1b[K^~~~~~~\x1b[m\x1b[K\n'}
[5.566623] (homework_package) StderrLine: {'line': b'\x1b[01m\x1b[K/home/petomartin/homework/ros2_ws/src/homework_package/src/division_node_B.cpp:38:13:\x1b[m\x1b[K \x1b[01;31m\x1b[Kerror: \x1b[m\x1b[K\xe2\x80\x98\x1b[01m\x1b[Kresult_msg\x1b[m\x1b[K\xe2\x80\x99 was not declared in this scope\n'}
[5.566664] (homework_package) StderrLine: {'line': b'   38 |             \x1b[01;31m\x1b[Kresult_msg\x1b[m\x1b[K.data = numerator / denominator;\n'}
[5.566707] (homework_package) StderrLine: {'line': b'      |             \x1b[01;31m\x1b[K^~~~~~~~~~\x1b[m\x1b[K\n'}
[5.566749] (homework_package) StderrLine: {'line': b'\x1b[01m\x1b[K/home/petomartin/homework/ros2_ws/src/homework_package/src/division_node_B.cpp:39:13:\x1b[m\x1b[K \x1b[01;31m\x1b[Kerror: \x1b[m\x1b[K\xe2\x80\x98\x1b[01m\x1b[Kpublisher_\x1b[m\x1b[K\xe2\x80\x99 was not declared in this scope; did you mean \xe2\x80\x98\x1b[01m\x1b[Krmw_publisher_t\x1b[m\x1b[K\xe2\x80\x99?\n'}
[5.566788] (homework_package) StderrLine: {'line': b'   39 |             \x1b[01;31m\x1b[Kpublisher_\x1b[m\x1b[K->publish(result_msg);\n'}
[5.566830] (homework_package) StderrLine: {'line': b'      |             \x1b[01;31m\x1b[K^~~~~~~~~~\x1b[m\x1b[K\n'}
[5.566868] (homework_package) StderrLine: {'line': b'      |             \x1b[32m\x1b[Krmw_publisher_t\x1b[m\x1b[K\n'}
[5.567354] (homework_package) StderrLine: {'line': b'gmake[2]: *** [CMakeFiles/division_node_B.dir/build.make:76: CMakeFiles/division_node_B.dir/src/division_node_B.cpp.o] Error 1\n'}
[5.567588] (homework_package) StderrLine: {'line': b'gmake[1]: *** [CMakeFiles/Makefile2:165: CMakeFiles/division_node_B.dir/all] Error 2\n'}
[5.567943] (homework_package) StderrLine: {'line': b'gmake: *** [Makefile:146: all] Error 2\n'}
[5.569819] (homework_package) CommandEnded: {'returncode': 2}
[5.617172] (homework_package) JobEnded: {'identifier': 'homework_package', 'rc': 2}
[5.618357] (-) EventReactorShutdown: {}
